Performing C SOURCE FILE Test CMAKE_HAVE_LIBC_PTHREAD failed with the following output:
Change Dir: /Users/erinoh/Desktop/mobileSAM-Android-MNN/app/.cxx/Debug/6ny50444/arm64-v8a/CMakeFiles/CMakeTmp

Run Build Command(s):/Users/erinoh/Library/Android/sdk/cmake/3.22.1/bin/ninja cmTC_bca88 && [1/2] Building C object CMakeFiles/cmTC_bca88.dir/src.c.o
/Users/erinoh/Desktop/mobileSAM-Android-MNN/app/.cxx/Debug/6ny50444/arm64-v8a/CMakeFiles/CMakeTmp/src.c:13:3: warning: implicit declaration of function 'pthread_cancel' is invalid in C99 [-Wimplicit-function-declaration]
  pthread_cancel(thread);
  ^
1 warning generated.
[2/2] Linking C executable cmTC_bca88
FAILED: cmTC_bca88 
: && /Users/erinoh/Library/Android/sdk/ndk/21.4.7075529/toolchains/llvm/prebuilt/darwin-x86_64/bin/clang --target=aarch64-none-linux-android24 --gcc-toolchain=/Users/erinoh/Library/Android/sdk/ndk/21.4.7075529/toolchains/llvm/prebuilt/darwin-x86_64 --sysroot=/Users/erinoh/Library/Android/sdk/ndk/21.4.7075529/toolchains/llvm/prebuilt/darwin-x86_64/sysroot -g -DANDROID -fdata-sections -ffunction-sections -funwind-tables -fstack-protector-strong -no-canonical-prefixes -D_FORTIFY_SOURCE=2 -Wformat -Werror=format-security -Wl,--exclude-libs,libgcc.a -Wl,--exclude-libs,libgcc_real.a -Wl,--exclude-libs,libatomic.a -Wl,--build-id -Wl,--fatal-warnings -Wl,--no-undefined -Qunused-arguments -Wl,--gc-sections CMakeFiles/cmTC_bca88.dir/src.c.o -o cmTC_bca88  -latomic -lm && :
CMakeFiles/cmTC_bca88.dir/src.c.o: In function `main':
/Users/erinoh/Desktop/mobileSAM-Android-MNN/app/.cxx/Debug/6ny50444/arm64-v8a/CMakeFiles/CMakeTmp/src.c:(.text.main+0x20): undefined reference to `pthread_cancel'
/Users/erinoh/Desktop/mobileSAM-Android-MNN/app/.cxx/Debug/6ny50444/arm64-v8a/CMakeFiles/CMakeTmp/src.c:(.text.main+0x24): undefined reference to `pthread_cancel'
clang: error: linker command failed with exit code 1 (use -v to see invocation)
ninja: build stopped: subcommand failed.


Source file was:
#include <pthread.h>

static void* test_func(void* data)
{
  return data;
}

int main(void)
{
  pthread_t thread;
  pthread_create(&thread, NULL, test_func, NULL);
  pthread_detach(thread);
  pthread_cancel(thread);
  pthread_join(thread, NULL);
  pthread_atfork(NULL, NULL, NULL);
  pthread_exit(NULL);

  return 0;
}

